  Skipping... (no relevant changes detected)
  timer.cpp
  Win32Input.cpp
  Vector3.cpp
  Vector2.cpp
  Utility.cpp
  ShaderProgram.cpp
  SceneManager.cpp
  RenderHelper.cpp
  Mtx44.cpp
  MouseController.cpp
  MeshBuilder.cpp
  Mesh.cpp
  MatrixStack.cpp
  MathUtility.cpp
  LoadTGA.cpp
  LoadOBJ.cpp
  LightBase.cpp
  KeyboardController.cpp
  GraphicsManager.cpp
  EntityBase.cpp
  Collider.cpp
  CameraBase.cpp
  Common.vcxproj -> C:\Users\Wilson Neoh\Documents\AGEVframework\AGDEVAssignment01\Debug\Common.lib
